

Started GET "/assets/rails.png" for 127.0.0.1 at 2012-08-01 15:45:09 -0400
Connecting to database specified by database.yml
Served asset /rails.png - 200 OK (4ms)


Started GET "/" for 127.0.0.1 at 2012-08-01 15:45:33 -0400
Connecting to database specified by database.yml

ActionController::RoutingError (No route matches [GET] "/"):
  actionpack (3.2.7) lib/action_dispatch/middleware/debug_exceptions.rb:21:in `call'
  actionpack (3.2.7) lib/action_dispatch/middleware/show_exceptions.rb:56:in `call'
  railties (3.2.7) lib/rails/rack/logger.rb:26:in `call_app'
  railties (3.2.7) lib/rails/rack/logger.rb:16:in `call'
  actionpack (3.2.7) lib/action_dispatch/middleware/request_id.rb:22:in `call'
  rack (1.4.1) lib/rack/methodoverride.rb:21:in `call'
  rack (1.4.1) lib/rack/runtime.rb:17:in `call'
  activesupport (3.2.7) lib/active_support/cache/strategy/local_cache.rb:72:in `call'
  rack (1.4.1) lib/rack/lock.rb:15:in `call'
  actionpack (3.2.7) lib/action_dispatch/middleware/static.rb:62:in `call'
  railties (3.2.7) lib/rails/engine.rb:479:in `call'
  railties (3.2.7) lib/rails/application.rb:220:in `call'
  rack (1.4.1) lib/rack/content_length.rb:14:in `call'
  railties (3.2.7) lib/rails/rack/log_tailer.rb:17:in `call'
  rack (1.4.1) lib/rack/handler/webrick.rb:59:in `service'
  /Users/tessa/.rvm/rubies/ruby-1.9.3-p194/lib/ruby/1.9.1/webrick/httpserver.rb:138:in `service'
  /Users/tessa/.rvm/rubies/ruby-1.9.3-p194/lib/ruby/1.9.1/webrick/httpserver.rb:94:in `run'
  /Users/tessa/.rvm/rubies/ruby-1.9.3-p194/lib/ruby/1.9.1/webrick/server.rb:191:in `block in start_thread'


  Rendered /Users/tessa/.rvm/gems/ruby-1.9.3-p194/gems/actionpack-3.2.7/lib/action_dispatch/middleware/templates/rescues/routing_error.erb within rescues/layout (2.1ms)


Started GET "/" for 127.0.0.1 at 2012-08-01 15:46:04 -0400
Connecting to database specified by database.yml
Processing by PagesController#index as HTML
  Rendered pages/index.html.erb within layouts/application (1.4ms)
Compiled pages.css  (7ms)  (pid 3665)
Compiled application.css  (12ms)  (pid 3665)
Compiled jquery.js  (1ms)  (pid 3665)
Compiled jquery_ujs.js  (0ms)  (pid 3665)
Compiled pages.js  (171ms)  (pid 3665)
Compiled application.js  (198ms)  (pid 3665)
  Rendered shared/_header.html.erb (0.3ms)
  Rendered shared/_footer.html.erb (0.2ms)
Completed 200 OK in 296ms (Views: 295.8ms | ActiveRecord: 0.0ms)


Started GET "/assets/application.css?body=1" for 127.0.0.1 at 2012-08-01 15:46:04 -0400
Served asset /application.css - 200 OK (6ms)


Started GET "/assets/jquery.js?body=1" for 127.0.0.1 at 2012-08-01 15:46:04 -0400
Served asset /jquery.js - 304 Not Modified (1ms)


Started GET "/assets/pages.css?body=1" for 127.0.0.1 at 2012-08-01 15:46:04 -0400
Served asset /pages.css - 200 OK (1ms)


Started GET "/assets/jquery_ujs.js?body=1" for 127.0.0.1 at 2012-08-01 15:46:04 -0400
Served asset /jquery_ujs.js - 304 Not Modified (1ms)


Started GET "/assets/pages.js?body=1" for 127.0.0.1 at 2012-08-01 15:46:04 -0400
Served asset /pages.js - 304 Not Modified (1ms)


Started GET "/assets/application.js?body=1" for 127.0.0.1 at 2012-08-01 15:46:04 -0400
Served asset /application.js - 304 Not Modified (3ms)
